This file contains any messages produced by compilers while
running configure, to aid debugging if configure makes a mistake.

It was created by pgenlibr configure 0.3.5, which was
generated by GNU Autoconf 2.71.  Invocation command line was

  $ ./configure

## --------- ##
## Platform. ##
## --------- ##

hostname = QiangdeMacBook-Air.local
uname -m = arm64
uname -r = 24.4.0
uname -s = Darwin
uname -v = Darwin Kernel Version 24.4.0: Fri Apr 11 18:32:05 PDT 2025; root:xnu-11417.101.15~117/RELEASE_ARM64_T8132

/usr/bin/uname -p = arm
/bin/uname -X     = unknown

/bin/arch              = unknown
/usr/bin/arch -k       = unknown
/usr/convex/getsysinfo = unknown
/usr/bin/hostinfo      = Mach kernel version:
	 Darwin Kernel Version 24.4.0: Fri Apr 11 18:32:05 PDT 2025; root:xnu-11417.101.15~117/RELEASE_ARM64_T8132
Kernel configured for up to 10 processors.
10 processors are physically available.
10 processors are logically available.
Processor type: arm64e (ARM64E)
Processors active: 0 1 2 3 4 5 6 7 8 9
Primary memory available: 32.00 gigabytes
Default processor set: 714 tasks, 2739 threads, 10 processors
Load average: 3.68, Mach factor: 6.31
/bin/machine           = unknown
/usr/bin/oslevel       = unknown
/bin/universe          = unknown

PATH: /opt/homebrew/bin/
PATH: /opt/homebrew/sbin/
PATH: /usr/local/bin/
PATH: /System/Cryptexes/App/usr/bin/
PATH: /usr/bin/
PATH: /bin/
PATH: /usr/sbin/
PATH: /sbin/
PATH: /var/run/com.apple.security.cryptexd/codex.system/bootstrap/usr/local/bin/
PATH: /var/run/com.apple.security.cryptexd/codex.system/bootstrap/usr/bin/
PATH: /var/run/com.apple.security.cryptexd/codex.system/bootstrap/usr/appleinternal/bin/
PATH: /opt/X11/bin/
PATH: /Library/Apple/usr/bin/
PATH: /Library/TeX/texbin/
PATH: /Applications/quarto/bin/
PATH: /usr/texbin/
PATH: /Applications/RStudio.app/Contents/Resources/app/quarto/bin/
PATH: /Applications/RStudio.app/Contents/Resources/app/bin/postback/


## ----------- ##
## Core tests. ##
## ----------- ##

configure:2035: checking for pkg-config
configure:2059: found /opt/homebrew/bin/pkg-config
configure:2071: result: /opt/homebrew/bin/pkg-config
configure:2217: checking for C++ compiler version
configure:2226: clang++ -std=gnu++17 --version >&5
Apple clang version 16.0.0 (clang-1600.0.26.6)
Target: arm64-apple-darwin24.4.0
Thread model: posix
InstalledDir: /Applications/Xcode.app/Contents/Developer/Toolchains/XcodeDefault.xctoolchain/usr/bin
configure:2237: $? = 0
configure:2226: clang++ -std=gnu++17 -v >&5
Apple clang version 16.0.0 (clang-1600.0.26.6)
Target: arm64-apple-darwin24.4.0
Thread model: posix
InstalledDir: /Applications/Xcode.app/Contents/Developer/Toolchains/XcodeDefault.xctoolchain/usr/bin
configure:2237: $? = 0
configure:2226: clang++ -std=gnu++17 -V >&5
clang++: error: argument to '-V' is missing (expected 1 value)
clang++: error: no input files
configure:2237: $? = 1
configure:2226: clang++ -std=gnu++17 -qversion >&5
clang++: error: unknown argument '-qversion'; did you mean '--version'?
clang++: error: no input files
configure:2237: $? = 1
configure:2257: checking whether the C++ compiler works
configure:2279: clang++ -std=gnu++17 -g -O2 -I/opt/homebrew/opt/gettext/include -I/opt/homebrew/opt/readline/include -I/opt/homebrew/opt/xz/include -I/opt/homebrew/include -L/opt/homebrew/opt/gettext/lib -L/opt/homebrew/opt/readline/lib -L/opt/homebrew/opt/xz/lib -L/opt/homebrew/lib conftest.cpp  >&5
configure:2283: $? = 0
configure:2333: result: yes
configure:2336: checking for C++ compiler default output file name
configure:2338: result: a.out
configure:2344: checking for suffix of executables
configure:2351: clang++ -std=gnu++17 -o conftest -g -O2 -I/opt/homebrew/opt/gettext/include -I/opt/homebrew/opt/readline/include -I/opt/homebrew/opt/xz/include -I/opt/homebrew/include -L/opt/homebrew/opt/gettext/lib -L/opt/homebrew/opt/readline/lib -L/opt/homebrew/opt/xz/lib -L/opt/homebrew/lib conftest.cpp  >&5
configure:2355: $? = 0
configure:2378: result: 
configure:2400: checking whether we are cross compiling
configure:2408: clang++ -std=gnu++17 -o conftest -g -O2 -I/opt/homebrew/opt/gettext/include -I/opt/homebrew/opt/readline/include -I/opt/homebrew/opt/xz/include -I/opt/homebrew/include -L/opt/homebrew/opt/gettext/lib -L/opt/homebrew/opt/readline/lib -L/opt/homebrew/opt/xz/lib -L/opt/homebrew/lib conftest.cpp  >&5
configure:2412: $? = 0
configure:2419: ./conftest
configure:2423: $? = 0
configure:2438: result: no
configure:2443: checking for suffix of object files
configure:2466: clang++ -std=gnu++17 -c -g -O2 -I/opt/homebrew/opt/gettext/include -I/opt/homebrew/opt/readline/include -I/opt/homebrew/opt/xz/include -I/opt/homebrew/include conftest.cpp >&5
configure:2470: $? = 0
configure:2492: result: o
configure:2496: checking whether the compiler supports GNU C++
configure:2516: clang++ -std=gnu++17 -c -g -O2 -I/opt/homebrew/opt/gettext/include -I/opt/homebrew/opt/readline/include -I/opt/homebrew/opt/xz/include -I/opt/homebrew/include conftest.cpp >&5
configure:2516: $? = 0
configure:2526: result: yes
configure:2537: checking whether clang++ -std=gnu++17 accepts -g
configure:2558: clang++ -std=gnu++17 -c -g -I/opt/homebrew/opt/gettext/include -I/opt/homebrew/opt/readline/include -I/opt/homebrew/opt/xz/include -I/opt/homebrew/include conftest.cpp >&5
configure:2558: $? = 0
configure:2602: result: yes
configure:2622: checking for clang++ -std=gnu++17 option to enable C++11 features
configure:2637: clang++ -std=gnu++17  -c -g -O2 -I/opt/homebrew/opt/gettext/include -I/opt/homebrew/opt/readline/include -I/opt/homebrew/opt/xz/include -I/opt/homebrew/include conftest.cpp >&5
conftest.cpp:175:25: warning: empty parentheses interpreted as a function declaration [-Wvexing-parse]
  175 |   cxx11test::delegate d2();
      |                         ^~
conftest.cpp:175:25: note: remove parentheses to declare a variable
  175 |   cxx11test::delegate d2();
      |                         ^~
1 warning generated.
configure:2637: $? = 0
configure:2655: result: none needed
configure:2719: C++ compiler: clang++ -std=gnu++17
configure:2816: zstd 1.5.7 library detected -- skipping zstd compilation
configure:2881: libdeflate not detected by pkg-config; falling back on system header file check
configure:2885: result: no
configure:2928: simde not detected by pkg-config; falling back on system header file check
configure:2932: result: no
configure:3125: creating ./config.status

## ---------------------- ##
## Running config.status. ##
## ---------------------- ##

This file was extended by pgenlibr config.status 0.3.5, which was
generated by GNU Autoconf 2.71.  Invocation command line was

  CONFIG_FILES    = 
  CONFIG_HEADERS  = 
  CONFIG_LINKS    = 
  CONFIG_COMMANDS = 
  $ ./config.status 

on QiangdeMacBook-Air.local

config.status:726: creating src/Makevars

## ---------------- ##
## Cache variables. ##
## ---------------- ##

ac_cv_cxx_compiler_gnu=yes
ac_cv_env_CCC_set=
ac_cv_env_CCC_value=
ac_cv_env_CPPFLAGS_set=set
ac_cv_env_CPPFLAGS_value='-I/opt/homebrew/opt/gettext/include -I/opt/homebrew/opt/readline/include -I/opt/homebrew/opt/xz/include -I/opt/homebrew/include'
ac_cv_env_CXXFLAGS_set=set
ac_cv_env_CXXFLAGS_value='-g -O2'
ac_cv_env_CXX_set=set
ac_cv_env_CXX_value='clang++ -std=gnu++17'
ac_cv_env_LDFLAGS_set=set
ac_cv_env_LDFLAGS_value='-L/opt/homebrew/opt/gettext/lib -L/opt/homebrew/opt/readline/lib -L/opt/homebrew/opt/xz/lib -L/opt/homebrew/lib'
ac_cv_env_LIBS_set=
ac_cv_env_LIBS_value=
ac_cv_env_build_alias_set=
ac_cv_env_build_alias_value=
ac_cv_env_host_alias_set=
ac_cv_env_host_alias_value=
ac_cv_env_target_alias_set=
ac_cv_env_target_alias_value=
ac_cv_objext=o
ac_cv_path_PKGCONF=/opt/homebrew/bin/pkg-config
ac_cv_prog_cxx_11=no
ac_cv_prog_cxx_cxx11=
ac_cv_prog_cxx_g=yes
ac_cv_prog_cxx_stdcxx=

## ----------------- ##
## Output variables. ##
## ----------------- ##

CPPFLAGS='-I/opt/homebrew/opt/gettext/include -I/opt/homebrew/opt/readline/include -I/opt/homebrew/opt/xz/include -I/opt/homebrew/include'
CXX='clang++ -std=gnu++17'
CXXFLAGS='-g -O2'
DEFS='-DPACKAGE_NAME=\"pgenlibr\" -DPACKAGE_TARNAME=\"pgenlibr\" -DPACKAGE_VERSION=\"0.3.5\" -DPACKAGE_STRING=\"pgenlibr\ 0.3.5\" -DPACKAGE_BUGREPORT=\"chrchang@alumni.caltech.edu\" -DPACKAGE_URL=\"\"'
ECHO_C='\c'
ECHO_N=''
ECHO_T=''
EXEEXT=''
LDFLAGS='-L/opt/homebrew/opt/gettext/lib -L/opt/homebrew/opt/readline/lib -L/opt/homebrew/opt/xz/lib -L/opt/homebrew/lib'
LIBDEFLATE_CLEAN='$(LIBDEFLATE) libPGDEFLATE.a'
LIBDEFLATE_COMPILE_FLAG=''
LIBDEFLATE_INCLUDE_PATH='-Ilibdeflate'
LIBDEFLATE_LIBS=' -lPGDEFLATE'
LIBDEFLATE_SHLIB='libPGDEFLATE.a'
LIBOBJS=''
LIBS=''
LTLIBOBJS=''
OBJEXT='o'
PACKAGE_BUGREPORT='chrchang@alumni.caltech.edu'
PACKAGE_NAME='pgenlibr'
PACKAGE_STRING='pgenlibr 0.3.5'
PACKAGE_TARNAME='pgenlibr'
PACKAGE_URL=''
PACKAGE_VERSION='0.3.5'
PATH_SEPARATOR=':'
PKGCONF='/opt/homebrew/bin/pkg-config'
SHELL='/bin/sh'
SIMDE_COMPILE_FLAG=''
SIMDE_INCLUDE_PATH=''
ZSTD_CLEAN=''
ZSTD_COMPILE_FLAG='-DIGNORE_BUNDLED_ZSTD'
ZSTD_INCLUDE_PATH='-I/opt/homebrew/opt/zstd/include'
ZSTD_LIBS='-L/opt/homebrew/opt/zstd/lib -lzstd'
ZSTD_SHLIB=''
ac_ct_CXX=''
bindir='${exec_prefix}/bin'
build_alias=''
datadir='${datarootdir}'
datarootdir='${prefix}/share'
docdir='${datarootdir}/doc/${PACKAGE_TARNAME}'
dvidir='${docdir}'
exec_prefix='${prefix}'
host_alias=''
htmldir='${docdir}'
includedir='${prefix}/include'
infodir='${datarootdir}/info'
libdir='${exec_prefix}/lib'
libexecdir='${exec_prefix}/libexec'
localedir='${datarootdir}/locale'
localstatedir='${prefix}/var'
mandir='${datarootdir}/man'
oldincludedir='/usr/include'
pdfdir='${docdir}'
prefix='/usr/local'
program_transform_name='s,x,x,'
psdir='${docdir}'
runstatedir='${localstatedir}/run'
sbindir='${exec_prefix}/sbin'
sharedstatedir='${prefix}/com'
sysconfdir='${prefix}/etc'
target_alias=''

## ----------- ##
## confdefs.h. ##
## ----------- ##

/* confdefs.h */
#define PACKAGE_NAME "pgenlibr"
#define PACKAGE_TARNAME "pgenlibr"
#define PACKAGE_VERSION "0.3.5"
#define PACKAGE_STRING "pgenlibr 0.3.5"
#define PACKAGE_BUGREPORT "chrchang@alumni.caltech.edu"
#define PACKAGE_URL ""

configure: exit 0
